<?xml version="1.0" encoding="utf-8"?><testsuites name="pytest tests"><testsuite name="pytest" errors="0" failures="0" skipped="0" tests="19" time="2.881" timestamp="2026-02-27T23:53:05.274213+00:00" hostname="agent-env-a7e3dad5-1ed6-4801-8771-baf02a5feb4f"><testcase classname="backend.tests.test_portfolio_advanced.TestAuth" name="test_login_success" time="0.354" /><testcase classname="backend.tests.test_portfolio_advanced.TestStorageUsage" name="test_get_storage_usage" time="0.392" /><testcase classname="backend.tests.test_portfolio_advanced.TestPortfolioAssets" name="test_create_portfolio_asset" time="0.074" /><testcase classname="backend.tests.test_portfolio_advanced.TestPortfolioAssets" name="test_get_portfolio_assets" time="0.078" /><testcase classname="backend.tests.test_portfolio_advanced.TestPortfolioAssets" name="test_get_portfolio_assets_by_type" time="0.080" /><testcase classname="backend.tests.test_portfolio_advanced.TestPortfolioAssets" name="test_update_portfolio_asset" time="0.170" /><testcase classname="backend.tests.test_portfolio_advanced.TestPortfolioAssets" name="test_delete_portfolio_asset" time="0.190" /><testcase classname="backend.tests.test_portfolio_advanced.TestPortfolioTransactions" name="test_create_buy_transaction" time="0.143" /><testcase classname="backend.tests.test_portfolio_advanced.TestPortfolioTransactions" name="test_create_sell_transaction" time="0.136" /><testcase classname="backend.tests.test_portfolio_advanced.TestPortfolioTransactions" name="test_get_all_transactions" time="0.074" /><testcase classname="backend.tests.test_portfolio_advanced.TestPortfolioTransactions" name="test_get_transactions_by_asset" time="0.206" /><testcase classname="backend.tests.test_portfolio_advanced.TestPortfolioTransactions" name="test_delete_transaction" time="0.289" /><testcase classname="backend.tests.test_portfolio_advanced.TestPortfolioTransactions" name="test_transaction_with_invalid_asset" time="0.084" /><testcase classname="backend.tests.test_portfolio_advanced.TestPortfolioSnapshots" name="test_create_snapshot" time="0.078" /><testcase classname="backend.tests.test_portfolio_advanced.TestPortfolioSnapshots" name="test_get_snapshots" time="0.076" /><testcase classname="backend.tests.test_portfolio_advanced.TestPortfolioSnapshots" name="test_get_snapshots_with_months_filter" time="0.070" /><testcase classname="backend.tests.test_portfolio_advanced.TestPortfolioSnapshots" name="test_snapshot_data_structure" time="0.114" /><testcase classname="backend.tests.test_portfolio_advanced.TestDashboardStats" name="test_dashboard_includes_portfolio_stats" time="0.104" /><testcase classname="backend.tests.test_portfolio_advanced.TestMindmap" name="test_get_mindmap" time="0.098" /></testsuite></testsuites>