<?xml version="1.0" encoding="utf-8"?><testsuites name="pytest tests"><testsuite name="pytest" errors="0" failures="0" skipped="0" tests="12" time="6.857" timestamp="2026-02-28T00:15:51.032108+00:00" hostname="agent-env-a7e3dad5-1ed6-4801-8771-baf02a5feb4f"><testcase classname="backend.tests.test_iteration6.TestAuth" name="test_login_existing_user" time="0.353" /><testcase classname="backend.tests.test_iteration6.TestTagsAutoDiscover" name="test_get_all_tags" time="0.403" /><testcase classname="backend.tests.test_iteration6.TestCollectionItems" name="test_get_collection_items" time="0.903" /><testcase classname="backend.tests.test_iteration6.TestWishlistCollectionId" name="test_wishlist_with_collection_id" time="0.701" /><testcase classname="backend.tests.test_iteration6.TestDeleteOperations" name="test_delete_inventory_item" time="0.536" /><testcase classname="backend.tests.test_iteration6.TestDeleteOperations" name="test_delete_wishlist_item" time="0.547" /><testcase classname="backend.tests.test_iteration6.TestDeleteOperations" name="test_delete_collection" time="0.525" /><testcase classname="backend.tests.test_iteration6.TestDeleteOperations" name="test_delete_content" time="0.533" /><testcase classname="backend.tests.test_iteration6.TestDeleteOperations" name="test_delete_project" time="0.631" /><testcase classname="backend.tests.test_iteration6.TestContentCustomTypes" name="test_create_content_with_custom_type" time="0.488" /><testcase classname="backend.tests.test_iteration6.TestCrossTypeLinks" name="test_create_cross_type_link" time="0.792" /><testcase classname="backend.tests.test_iteration6.TestInventoryFeatures" name="test_get_inventory_with_existing_data" time="0.394" /></testsuite></testsuites>