<?xml version="1.0" encoding="utf-8"?><testsuites name="pytest tests"><testsuite name="pytest" errors="0" failures="0" skipped="0" tests="24" time="18.686" timestamp="2026-02-27T22:53:53.361073+00:00" hostname="agent-env-a7e3dad5-1ed6-4801-8771-baf02a5feb4f"><testcase classname="backend.tests.test_new_features.TestAuth" name="test_login_success" time="0.846" /><testcase classname="backend.tests.test_new_features.TestAuth" name="test_login_invalid_credentials" time="0.425" /><testcase classname="backend.tests.test_new_features.TestAuth" name="test_register_new_user" time="0.679" /><testcase classname="backend.tests.test_new_features.TestTagsManagement" name="test_create_tag" time="2.234" /><testcase classname="backend.tests.test_new_features.TestTagsManagement" name="test_get_all_tags" time="0.415" /><testcase classname="backend.tests.test_new_features.TestTagsManagement" name="test_update_tag" time="0.827" /><testcase classname="backend.tests.test_new_features.TestTagsManagement" name="test_delete_tag" time="1.219" /><testcase classname="backend.tests.test_new_features.TestCustomTypes" name="test_create_custom_type" time="0.466" /><testcase classname="backend.tests.test_new_features.TestCustomTypes" name="test_get_custom_types" time="0.420" /><testcase classname="backend.tests.test_new_features.TestCustomTypes" name="test_get_custom_types_by_category" time="0.443" /><testcase classname="backend.tests.test_new_features.TestCustomTypes" name="test_update_custom_type" time="0.794" /><testcase classname="backend.tests.test_new_features.TestCustomTypes" name="test_delete_custom_type" time="0.811" /><testcase classname="backend.tests.test_new_features.TestProjectsSubProjects" name="test_create_parent_project" time="0.402" /><testcase classname="backend.tests.test_new_features.TestProjectsSubProjects" name="test_create_sub_project" time="0.783" /><testcase classname="backend.tests.test_new_features.TestProjectsSubProjects" name="test_update_project_parent" time="1.336" /><testcase classname="backend.tests.test_new_features.TestProjectsSubProjects" name="test_delete_parent_project" time="1.184" /><testcase classname="backend.tests.test_new_features.TestTasksWithProjects" name="test_create_task_with_project" time="0.833" /><testcase classname="backend.tests.test_new_features.TestTasksWithProjects" name="test_get_tasks_by_project" time="1.163" /><testcase classname="backend.tests.test_new_features.TestMindmapAPI" name="test_get_mindmap_data" time="0.434" /><testcase classname="backend.tests.test_new_features.TestMindmapAPI" name="test_mindmap_with_type_filter" time="0.405" /><testcase classname="backend.tests.test_new_features.TestMindmapAPI" name="test_mindmap_sub_project_edges" time="1.168" /><testcase classname="backend.tests.test_new_features.TestCollections" name="test_create_collection_without_icon" time="0.399" /><testcase classname="backend.tests.test_new_features.TestCollections" name="test_get_collections" time="0.421" /><testcase classname="backend.tests.test_new_features.TestDashboardStats" name="test_get_dashboard_stats" time="0.409" /></testsuite></testsuites>