<?xml version="1.0" encoding="utf-8"?><testsuites name="pytest tests"><testsuite name="pytest" errors="0" failures="0" skipped="0" tests="13" time="5.705" timestamp="2026-02-28T00:33:23.756615+00:00" hostname="agent-env-a7e3dad5-1ed6-4801-8771-baf02a5feb4f"><testcase classname="backend.tests.test_iteration7.TestAuth" name="test_login" time="0.354" /><testcase classname="backend.tests.test_iteration7.TestDeleteFunctionality" name="test_inventory_delete" time="0.521" /><testcase classname="backend.tests.test_iteration7.TestDeleteFunctionality" name="test_wishlist_delete" time="0.496" /><testcase classname="backend.tests.test_iteration7.TestDeleteFunctionality" name="test_collection_delete" time="0.452" /><testcase classname="backend.tests.test_iteration7.TestDeleteFunctionality" name="test_content_delete" time="0.467" /><testcase classname="backend.tests.test_iteration7.TestCustomContentType" name="test_create_content_with_custom_type" time="0.495" /><testcase classname="backend.tests.test_iteration7.TestTagsAPI" name="test_tags_all_api_format" time="0.412" /><testcase classname="backend.tests.test_iteration7.TestMindmapAPI" name="test_mindmap_data" time="0.337" /><testcase classname="backend.tests.test_iteration7.TestMindmapAPI" name="test_mindmap_with_type_filter" time="0.331" /><testcase classname="backend.tests.test_iteration7.TestMindmapAPI" name="test_mindmap_with_tag_filter" time="0.343" /><testcase classname="backend.tests.test_iteration7.TestCollectionItems" name="test_collection_items_api" time="0.445" /><testcase classname="backend.tests.test_iteration7.TestProjectDelete" name="test_project_delete" time="0.471" /><testcase classname="backend.tests.test_iteration7.TestPortfolioDelete" name="test_portfolio_delete" time="0.506" /></testsuite></testsuites>