<?xml version="1.0" encoding="utf-8"?><testsuites name="pytest tests"><testsuite name="pytest" errors="0" failures="2" skipped="0" tests="12" time="6.934" timestamp="2026-02-28T00:15:02.238677+00:00" hostname="agent-env-a7e3dad5-1ed6-4801-8771-baf02a5feb4f"><testcase classname="backend.tests.test_iteration6.TestAuth" name="test_login_existing_user" time="0.376" /><testcase classname="backend.tests.test_iteration6.TestTagsAutoDiscover" name="test_get_all_tags" time="0.409" /><testcase classname="backend.tests.test_iteration6.TestCollectionItems" name="test_get_collection_items" time="0.979"><failure message="AssertionError: No wishlist items found&#10;assert 0 &gt;= 1&#10; +  where 0 = len([])">backend/tests/test_iteration6.py:135: in test_get_collection_items
    assert len(wish_items) &gt;= 1, "No wishlist items found"
E   AssertionError: No wishlist items found
E   assert 0 &gt;= 1
E    +  where 0 = len([])</failure></testcase><testcase classname="backend.tests.test_iteration6.TestWishlistCollectionId" name="test_wishlist_with_collection_id" time="0.609"><failure message="AssertionError: assert None == '9dfa36c6-3207-4bf5-8e8a-685f164d7b36'">backend/tests/test_iteration6.py:181: in test_wishlist_with_collection_id
    assert wish_item["collection_id"] == collection["id"]
E   AssertionError: assert None == '9dfa36c6-3207-4bf5-8e8a-685f164d7b36'</failure></testcase><testcase classname="backend.tests.test_iteration6.TestDeleteOperations" name="test_delete_inventory_item" time="0.582" /><testcase classname="backend.tests.test_iteration6.TestDeleteOperations" name="test_delete_wishlist_item" time="0.564" /><testcase classname="backend.tests.test_iteration6.TestDeleteOperations" name="test_delete_collection" time="0.542" /><testcase classname="backend.tests.test_iteration6.TestDeleteOperations" name="test_delete_content" time="0.558" /><testcase classname="backend.tests.test_iteration6.TestDeleteOperations" name="test_delete_project" time="0.551" /><testcase classname="backend.tests.test_iteration6.TestContentCustomTypes" name="test_create_content_with_custom_type" time="0.452" /><testcase classname="backend.tests.test_iteration6.TestCrossTypeLinks" name="test_create_cross_type_link" time="0.781" /><testcase classname="backend.tests.test_iteration6.TestInventoryFeatures" name="test_get_inventory_with_existing_data" time="0.437" /></testsuite></testsuites>