<?xml version="1.0" encoding="utf-8"?><testsuites name="pytest tests"><testsuite name="pytest" errors="0" failures="0" skipped="0" tests="9" time="14.637" timestamp="2026-02-28T01:08:54.296681+00:00" hostname="agent-env-147c6b5d-ac64-4fe3-8775-9e018506454a"><testcase classname="backend.tests.test_iteration7.TestAuthAndSetup" name="test_auth_works" time="1.330" /><testcase classname="backend.tests.test_iteration7.TestDeleteEndpoints" name="test_collection_create_and_delete" time="1.881" /><testcase classname="backend.tests.test_iteration7.TestDeleteEndpoints" name="test_project_create_and_delete" time="1.235" /><testcase classname="backend.tests.test_iteration7.TestDeleteEndpoints" name="test_inventory_create_and_delete" time="0.833" /><testcase classname="backend.tests.test_iteration7.TestDeleteEndpoints" name="test_wishlist_create_and_delete" time="0.856" /><testcase classname="backend.tests.test_iteration7.TestDeleteEndpoints" name="test_content_create_and_delete" time="0.872" /><testcase classname="backend.tests.test_iteration7.TestTagsEndpoint" name="test_tags_all_endpoint" time="1.041" /><testcase classname="backend.tests.test_iteration7.TestTagsEndpoint" name="test_create_items_with_tag_and_query" time="2.973" /><testcase classname="backend.tests.test_iteration7.TestCollectionItems" name="test_collection_items_endpoint" time="3.500" /></testsuite></testsuites>